build/app/intermediates/manifest_merge_blame_file/debug/manifest-merger-blame-debug-report.txt
1<?xml version="1.0" encoding="utf-8"?>
2<manifest xmlns:android="http://schemas.android.com/apk/res/android"
3    package="com.example.qwings_video"
4    android:versionCode="1"
5    android:versionName="1.0.0" >
6
7    <uses-sdk
8        android:minSdkVersion="21"
9        android:targetSdkVersion="29" />
10    <!--
11         Flutter needs it to communicate with the running application
12         to allow setting breakpoints, to provide hot reload, etc.
13    -->
14    <uses-permission android:name="android.permission.INTERNET" />
14-->src\debug\AndroidManifest.xml:6:5-66
14-->src\debug\AndroidManifest.xml:6:22-64
15    <!-- XXX ACCESS_NETWORK_STATE is required by WebRTC. -->
16    <uses-permission android:name="android.permission.ACCESS_NETWORK_STATE" />
16-->[org.jitsi.react:jitsi-meet-sdk:2.9.0] AndroidManifest.xml:9:5-79
16-->[org.jitsi.react:jitsi-meet-sdk:2.9.0] AndroidManifest.xml:9:22-76
17    <uses-permission android:name="android.permission.BLUETOOTH" />
17-->[org.jitsi.react:jitsi-meet-sdk:2.9.0] AndroidManifest.xml:10:5-68
17-->[org.jitsi.react:jitsi-meet-sdk:2.9.0] AndroidManifest.xml:10:22-65
18    <uses-permission android:name="android.permission.CAMERA" />
18-->[org.jitsi.react:jitsi-meet-sdk:2.9.0] AndroidManifest.xml:11:5-65
18-->[org.jitsi.react:jitsi-meet-sdk:2.9.0] AndroidManifest.xml:11:22-62
19    <uses-permission android:name="android.permission.MANAGE_OWN_CALLS" />
19-->[org.jitsi.react:jitsi-meet-sdk:2.9.0] AndroidManifest.xml:13:5-75
19-->[org.jitsi.react:jitsi-meet-sdk:2.9.0] AndroidManifest.xml:13:22-72
20    <uses-permission android:name="android.permission.MODIFY_AUDIO_SETTINGS" />
20-->[org.jitsi.react:jitsi-meet-sdk:2.9.0] AndroidManifest.xml:14:5-80
20-->[org.jitsi.react:jitsi-meet-sdk:2.9.0] AndroidManifest.xml:14:22-77
21    <uses-permission android:name="android.permission.RECORD_AUDIO" />
21-->[org.jitsi.react:jitsi-meet-sdk:2.9.0] AndroidManifest.xml:15:5-71
21-->[org.jitsi.react:jitsi-meet-sdk:2.9.0] AndroidManifest.xml:15:22-68
22    <uses-permission android:name="android.permission.SYSTEM_ALERT_WINDOW" />
22-->[org.jitsi.react:jitsi-meet-sdk:2.9.0] AndroidManifest.xml:16:5-78
22-->[org.jitsi.react:jitsi-meet-sdk:2.9.0] AndroidManifest.xml:16:22-75
23    <uses-permission android:name="android.permission.WAKE_LOCK" />
23-->[org.jitsi.react:jitsi-meet-sdk:2.9.0] AndroidManifest.xml:17:5-68
23-->[org.jitsi.react:jitsi-meet-sdk:2.9.0] AndroidManifest.xml:17:22-65
24    <uses-permission android:name="android.permission.ACCESS_WIFI_STATE" />
24-->[org.jitsi.react:jitsi-meet-sdk:2.9.0] AndroidManifest.xml:18:5-76
24-->[org.jitsi.react:jitsi-meet-sdk:2.9.0] AndroidManifest.xml:18:22-73
25    <uses-permission android:name="android.permission.FOREGROUND_SERVICE" />
25-->[org.jitsi.react:jitsi-meet-sdk:2.9.0] AndroidManifest.xml:19:5-77
25-->[org.jitsi.react:jitsi-meet-sdk:2.9.0] AndroidManifest.xml:19:22-74
26
27    <uses-feature
27-->[org.jitsi.react:jitsi-meet-sdk:2.9.0] AndroidManifest.xml:21:5-23:35
28        android:glEsVersion="0x00020000"
28-->[org.jitsi.react:jitsi-meet-sdk:2.9.0] AndroidManifest.xml:22:9-41
29        android:required="true" />
29-->[org.jitsi.react:jitsi-meet-sdk:2.9.0] AndroidManifest.xml:23:9-32
30    <uses-feature
30-->[org.jitsi.react:jitsi-meet-sdk:2.9.0] AndroidManifest.xml:24:5-26:36
31        android:name="android.hardware.camera"
31-->[org.jitsi.react:jitsi-meet-sdk:2.9.0] AndroidManifest.xml:25:9-47
32        android:required="false" />
32-->[org.jitsi.react:jitsi-meet-sdk:2.9.0] AndroidManifest.xml:26:9-33
33    <uses-feature
33-->[org.jitsi.react:jitsi-meet-sdk:2.9.0] AndroidManifest.xml:27:5-29:36
34        android:name="android.hardware.camera.autofocus"
34-->[org.jitsi.react:jitsi-meet-sdk:2.9.0] AndroidManifest.xml:28:9-57
35        android:required="false" />
35-->[org.jitsi.react:jitsi-meet-sdk:2.9.0] AndroidManifest.xml:29:9-33
36
37    <uses-permission android:name="android.permission.WRITE_CALENDAR" />
37-->[com.facebook.react:react-native-calendar-events:2.0.0-jitsi-4429568] AndroidManifest.xml:11:5-73
37-->[com.facebook.react:react-native-calendar-events:2.0.0-jitsi-4429568] AndroidManifest.xml:11:22-70
38    <uses-permission android:name="android.permission.READ_CALENDAR" />
38-->[com.facebook.react:react-native-calendar-events:2.0.0-jitsi-4429568] AndroidManifest.xml:12:5-72
38-->[com.facebook.react:react-native-calendar-events:2.0.0-jitsi-4429568] AndroidManifest.xml:12:22-69
39
40    <application
40-->src\main\AndroidManifest.xml:4:4-42:19
41        android:allowBackup="true"
41-->[org.jitsi.react:jitsi-meet-sdk:2.9.0] AndroidManifest.xml:32:9-35
42        android:appComponentFactory="androidx.core.app.CoreComponentFactory"
42-->[androidx.core:core:1.1.0] AndroidManifest.xml:24:18-86
43        android:debuggable="true"
44        android:icon="@mipmap/ic_launcher"
44-->src\main\AndroidManifest.xml:7:9-43
45        android:label="qwings_video"
45-->src\main\AndroidManifest.xml:6:9-37
46        android:supportsRtl="true" >
46-->[org.jitsi.react:jitsi-meet-sdk:2.9.0] AndroidManifest.xml:34:9-35
47        <activity
47-->src\main\AndroidManifest.xml:8:9-36:20
48            android:name="com.example.qwings_video.MainActivity"
48-->src\main\AndroidManifest.xml:9:13-41
49            android:configChanges="orientation|keyboardHidden|keyboard|screenSize|smallestScreenSize|locale|layoutDirection|fontScale|screenLayout|density|uiMode"
49-->src\main\AndroidManifest.xml:12:13-163
50            android:hardwareAccelerated="true"
50-->src\main\AndroidManifest.xml:13:13-47
51            android:launchMode="singleTop"
51-->src\main\AndroidManifest.xml:10:13-43
52            android:theme="@style/LaunchTheme"
52-->src\main\AndroidManifest.xml:11:13-47
53            android:windowSoftInputMode="adjustResize" >
53-->src\main\AndroidManifest.xml:14:13-55
54
55            <!--
56                 Specifies an Android theme to apply to this Activity as soon as
57                 the Android process has started. This theme is visible to the user
58                 while the Flutter UI initializes. After that, this theme continues
59                 to determine the Window background behind the Flutter UI.
60            -->
61            <meta-data
61-->src\main\AndroidManifest.xml:19:13-22:17
62                android:name="io.flutter.embedding.android.NormalTheme"
62-->src\main\AndroidManifest.xml:20:15-70
63                android:resource="@style/NormalTheme" />
63-->src\main\AndroidManifest.xml:21:15-52
64            <!--
65                 Displays an Android View that continues showing the launch screen
66                 Drawable until Flutter paints its first frame, then this splash
67                 screen fades out. A splash screen is useful to avoid any visual
68                 gap between the end of Android's launch screen and the painting of
69                 Flutter's first frame.
70            -->
71            <meta-data
71-->src\main\AndroidManifest.xml:28:13-31:17
72                android:name="io.flutter.embedding.android.SplashScreenDrawable"
72-->src\main\AndroidManifest.xml:29:15-79
73                android:resource="@drawable/launch_background" />
73-->src\main\AndroidManifest.xml:30:15-61
74
75            <intent-filter>
75-->src\main\AndroidManifest.xml:32:13-35:29
76                <action android:name="android.intent.action.MAIN" />
76-->src\main\AndroidManifest.xml:33:17-68
76-->src\main\AndroidManifest.xml:33:25-66
77
78                <category android:name="android.intent.category.LAUNCHER" />
78-->src\main\AndroidManifest.xml:34:17-76
78-->src\main\AndroidManifest.xml:34:27-74
79            </intent-filter>
80        </activity>
81        <!--
82             Don't delete the meta-data below.
83             This is used by the Flutter tool to generate GeneratedPluginRegistrant.java
84        -->
85        <meta-data
85-->src\main\AndroidManifest.xml:39:9-41:33
86            android:name="flutterEmbedding"
86-->src\main\AndroidManifest.xml:40:13-44
87            android:value="2" />
87-->src\main\AndroidManifest.xml:41:13-30
88
89        <activity
89-->[:jitsi_meet] AndroidManifest.xml:8:9-16:20
90            android:name="com.gunschu.jitsi_meet.JitsiMeetPluginActivity"
90-->[:jitsi_meet] AndroidManifest.xml:9:13-74
91            android:configChanges="keyboard|keyboardHidden|orientation|screenLayout|screenSize|smallestScreenSize"
91-->[:jitsi_meet] AndroidManifest.xml:10:13-115
92            android:launchMode="singleTask"
92-->[:jitsi_meet] AndroidManifest.xml:11:13-44
93            android:resizeableActivity="true"
93-->[:jitsi_meet] AndroidManifest.xml:12:13-46
94            android:supportsPictureInPicture="true"
94-->[:jitsi_meet] AndroidManifest.xml:13:13-52
95            android:theme="@android:style/Theme.NoTitleBar.Fullscreen"
95-->[:jitsi_meet] AndroidManifest.xml:14:13-71
96            android:windowSoftInputMode="adjustResize" >
96-->[:jitsi_meet] AndroidManifest.xml:15:13-55
97        </activity>
98        <activity
98-->[org.jitsi.react:jitsi-meet-sdk:2.9.0] AndroidManifest.xml:35:9-42:20
99            android:name="org.jitsi.meet.sdk.JitsiMeetActivity"
99-->[org.jitsi.react:jitsi-meet-sdk:2.9.0] AndroidManifest.xml:36:13-64
100            android:configChanges="keyboard|keyboardHidden|orientation|screenLayout|screenSize|smallestScreenSize"
100-->[org.jitsi.react:jitsi-meet-sdk:2.9.0] AndroidManifest.xml:37:13-115
101            android:launchMode="singleTask"
101-->[org.jitsi.react:jitsi-meet-sdk:2.9.0] AndroidManifest.xml:38:13-44
102            android:resizeableActivity="true"
102-->[org.jitsi.react:jitsi-meet-sdk:2.9.0] AndroidManifest.xml:39:13-46
103            android:supportsPictureInPicture="true"
103-->[org.jitsi.react:jitsi-meet-sdk:2.9.0] AndroidManifest.xml:40:13-52
104            android:windowSoftInputMode="adjustResize" >
104-->[org.jitsi.react:jitsi-meet-sdk:2.9.0] AndroidManifest.xml:41:13-55
105        </activity>
106        <activity android:name="com.facebook.react.devsupport.DevSettingsActivity" />
106-->[org.jitsi.react:jitsi-meet-sdk:2.9.0] AndroidManifest.xml:43:9-86
106-->[org.jitsi.react:jitsi-meet-sdk:2.9.0] AndroidManifest.xml:43:19-83
107
108        <service
108-->[org.jitsi.react:jitsi-meet-sdk:2.9.0] AndroidManifest.xml:45:9-51:19
109            android:name="org.jitsi.meet.sdk.ConnectionService"
109-->[org.jitsi.react:jitsi-meet-sdk:2.9.0] AndroidManifest.xml:46:13-64
110            android:permission="android.permission.BIND_TELECOM_CONNECTION_SERVICE" >
110-->[org.jitsi.react:jitsi-meet-sdk:2.9.0] AndroidManifest.xml:47:13-84
111            <intent-filter>
111-->[org.jitsi.react:jitsi-meet-sdk:2.9.0] AndroidManifest.xml:48:13-50:29
112                <action android:name="android.telecom.ConnectionService" />
112-->[org.jitsi.react:jitsi-meet-sdk:2.9.0] AndroidManifest.xml:49:17-76
112-->[org.jitsi.react:jitsi-meet-sdk:2.9.0] AndroidManifest.xml:49:25-73
113            </intent-filter>
114        </service>
115        <service android:name="org.jitsi.meet.sdk.JitsiMeetOngoingConferenceService" />
115-->[org.jitsi.react:jitsi-meet-sdk:2.9.0] AndroidManifest.xml:52:9-88
115-->[org.jitsi.react:jitsi-meet-sdk:2.9.0] AndroidManifest.xml:52:18-85
116
117        <provider
117-->[com.facebook.react:react-native-webview:7.4.1-jitsi-4429568] AndroidManifest.xml:12:9-20:20
118            android:name="com.reactnativecommunity.webview.RNCWebViewFileProvider"
118-->[com.facebook.react:react-native-webview:7.4.1-jitsi-4429568] AndroidManifest.xml:13:13-83
119            android:authorities="com.example.qwings_video.fileprovider"
119-->[com.facebook.react:react-native-webview:7.4.1-jitsi-4429568] AndroidManifest.xml:14:13-64
120            android:exported="false"
120-->[com.facebook.react:react-native-webview:7.4.1-jitsi-4429568] AndroidManifest.xml:15:13-37
121            android:grantUriPermissions="true" >
121-->[com.facebook.react:react-native-webview:7.4.1-jitsi-4429568] AndroidManifest.xml:16:13-47
122            <meta-data
122-->[com.facebook.react:react-native-webview:7.4.1-jitsi-4429568] AndroidManifest.xml:17:13-19:63
123                android:name="android.support.FILE_PROVIDER_PATHS"
123-->[com.facebook.react:react-native-webview:7.4.1-jitsi-4429568] AndroidManifest.xml:18:17-67
124                android:resource="@xml/file_provider_paths" />
124-->[com.facebook.react:react-native-webview:7.4.1-jitsi-4429568] AndroidManifest.xml:19:17-60
125        </provider>
126
127        <activity
127-->[com.google.android.gms:play-services-auth:17.0.0] AndroidManifest.xml:23:9-27:75
128            android:name="com.google.android.gms.auth.api.signin.internal.SignInHubActivity"
128-->[com.google.android.gms:play-services-auth:17.0.0] AndroidManifest.xml:24:13-93
129            android:excludeFromRecents="true"
129-->[com.google.android.gms:play-services-auth:17.0.0] AndroidManifest.xml:25:13-46
130            android:exported="false"
130-->[com.google.android.gms:play-services-auth:17.0.0] AndroidManifest.xml:26:13-37
131            android:theme="@android:style/Theme.Translucent.NoTitleBar" />
131-->[com.google.android.gms:play-services-auth:17.0.0] AndroidManifest.xml:27:13-72
132        <!--
133            Service handling Google Sign-In user revocation. For apps that do not integrate with
134            Google Sign-In, this service will never be started.
135        -->
136        <service
136-->[com.google.android.gms:play-services-auth:17.0.0] AndroidManifest.xml:33:9-36:110
137            android:name="com.google.android.gms.auth.api.signin.RevocationBoundService"
137-->[com.google.android.gms:play-services-auth:17.0.0] AndroidManifest.xml:34:13-89
138            android:exported="true"
138-->[com.google.android.gms:play-services-auth:17.0.0] AndroidManifest.xml:35:13-36
139            android:permission="com.google.android.gms.auth.api.signin.permission.REVOCATION_NOTIFICATION" />
139-->[com.google.android.gms:play-services-auth:17.0.0] AndroidManifest.xml:36:13-107
140
141        <activity
141-->[com.google.android.gms:play-services-base:17.0.0] AndroidManifest.xml:23:9-26:75
142            android:name="com.google.android.gms.common.api.GoogleApiActivity"
142-->[com.google.android.gms:play-services-base:17.0.0] AndroidManifest.xml:24:13-79
143            android:exported="false"
143-->[com.google.android.gms:play-services-base:17.0.0] AndroidManifest.xml:25:13-37
144            android:theme="@android:style/Theme.Translucent.NoTitleBar" />
144-->[com.google.android.gms:play-services-base:17.0.0] AndroidManifest.xml:26:13-72
145
146        <meta-data
146-->[com.google.android.gms:play-services-basement:17.0.0] AndroidManifest.xml:23:9-25:69
147            android:name="com.google.android.gms.version"
147-->[com.google.android.gms:play-services-basement:17.0.0] AndroidManifest.xml:24:13-58
148            android:value="@integer/google_play_services_version" />
148-->[com.google.android.gms:play-services-basement:17.0.0] AndroidManifest.xml:25:13-66
149    </application>
150
151</manifest>